2026-06-02 21:36:09,907 | INFO     | Log file created: logs\file_automator_20260602_213609.log
2026-06-02 21:36:09,907 | INFO     | ==================================================
2026-06-02 21:36:09,907 | INFO     | File Automator started.
2026-06-02 21:36:09,908 | INFO     | ==================================================
2026-06-02 21:36:17,861 | DEBUG    | User input -> '"C:\\Users\\Mepaayush\\Downloads\\PhantomWall_Premium (1).pptx"'
2026-06-02 21:36:17,862 | WARNING  | Invalid menu choice entered: '"C:\\Users\\Mepaayush\\Downloads\\PhantomWall_Premium (1).pptx"'
2026-06-02 21:36:21,304 | DEBUG    | User input -> '1'
2026-06-02 21:36:23,045 | DEBUG    | User input -> 'C:\\Users\\Mepaayush\\Downloads\\PhantomWall_Premium (1).pptx'
2026-06-02 21:36:32,892 | DEBUG    | User input -> 'PHANTOMWALL'
2026-06-02 21:36:41,307 | DEBUG    | User input -> 'Meow'
2026-06-02 21:36:41,307 | INFO     | [RENAME] Directory: C:\Users\Mepaayush\Downloads\PhantomWall_Premium (1).pptx | 'PHANTOMWALL' -> 'Meow'
2026-06-02 21:36:41,308 | ERROR    | A file was given instead of a directory: C:\Users\Mepaayush\Downloads\PhantomWall_Premium (1).pptx
2026-06-02 21:43:57,289 | DEBUG    | User input -> '1'
2026-06-02 21:44:20,557 | DEBUG    | User input -> 'C:\\Users\\Mepaayush\\Downloads'
2026-06-02 21:44:32,389 | DEBUG    | User input -> 'PhantomWall_Premium (1)'
2026-06-02 21:44:35,984 | DEBUG    | User input -> 'Meow'
2026-06-02 21:44:35,984 | INFO     | [RENAME] Directory: C:\Users\Mepaayush\Downloads | 'PhantomWall_Premium (1)' -> 'Meow'
2026-06-02 21:44:35,986 | INFO     |   Renamed: PhantomWall_Premium (1).pptx  ->  Meow.pptx
2026-06-02 21:44:35,989 | ERROR    | Permission denied during rename: [WinError 32] The process cannot access the file because it is being used by another process: 'C:\\Users\\Mepaayush\\Downloads\\~$PhantomWall_Premium (1).pptx' -> 'C:\\Users\\Mepaayush\\Downloads\\~$Meow.pptx'
2026-06-02 21:44:35,989 | INFO     | [RENAME] Done - 1 file(s) renamed.
2026-06-02 21:45:54,693 | DEBUG    | User input -> '1'
2026-06-02 21:46:11,955 | DEBUG    | User input -> 'C:\\Users\\Mepaayush\\Downloads'
2026-06-02 21:46:18,166 | DEBUG    | User input -> 'Meow'
2026-06-02 21:46:20,787 | DEBUG    | User input -> 'PHANTOMWALL'
2026-06-02 21:46:20,788 | INFO     | [RENAME] Directory: C:\Users\Mepaayush\Downloads | 'Meow' -> 'PHANTOMWALL'
2026-06-02 21:46:20,790 | INFO     |   Renamed: Meow.pptx  ->  PHANTOMWALL.pptx
2026-06-02 21:46:20,790 | INFO     | [RENAME] Done - 1 file(s) renamed.
2026-06-02 21:46:38,104 | DEBUG    | User input -> '2'
2026-06-02 21:46:43,246 | DEBUG    | User input -> 'C:\\Users\\Mepaayush\\Downloads'
2026-06-02 21:46:43,246 | INFO     | [SORT] Directory: C:\Users\Mepaayush\Downloads
2026-06-02 21:46:43,248 | INFO     |   Moved: 1753439033308.exe  ->  EXE/
2026-06-02 21:46:43,249 | INFO     |   Moved: 1775046791.mp4  ->  MP4/
2026-06-02 21:46:43,251 | INFO     |   Moved: 6a0613a644f7c_Quantcraft_PPT_template (1).pdf  ->  PDF/
2026-06-02 21:46:43,253 | INFO     |   Moved: 6a0613a644f7c_Quantcraft_PPT_template (2).pdf  ->  PDF/
2026-06-02 21:46:43,255 | INFO     |   Moved: 6a0613a644f7c_Quantcraft_PPT_template.pdf  ->  PDF/
2026-06-02 21:46:43,256 | INFO     |   Moved: android-studio-panda4-patch1-windows.exe  ->  EXE/
2026-06-02 21:46:43,258 | INFO     |   Moved: cuet.pdf  ->  PDF/
2026-06-02 21:46:43,259 | INFO     |   Moved: Cyber security p1.pdf  ->  PDF/
2026-06-02 21:46:43,260 | INFO     |   Moved: desktop.ini  ->  INI/
2026-06-02 21:46:43,262 | INFO     |   Moved: DiscordSetup (1).exe  ->  EXE/
2026-06-02 21:46:43,263 | INFO     |   Moved: DiscordSetup.exe  ->  EXE/
2026-06-02 21:46:43,264 | INFO     |   Moved: DOC-20250422-WA0004. (1).pptx  ->  PPTX/
2026-06-02 21:46:43,266 | INFO     |   Moved: DOC-20250422-WA0004..pptx  ->  PPTX/
2026-06-02 21:46:43,267 | INFO     |   Moved: Final Year Project Progress Report Format – Polytechnic.docx  ->  DOCX/
2026-06-02 21:46:43,268 | INFO     |   Moved: Galgotias-University-Logo-Vector.svg-.png  ->  PNG/
2026-06-02 21:46:43,270 | INFO     |   Moved: GitHubDesktopSetup-x64.exe  ->  EXE/
2026-06-02 21:46:43,271 | INFO     |   Moved: gnucobol-3.2_win.7z  ->  7Z/
2026-06-02 21:46:43,273 | INFO     |   Moved: goku-dragon-ball-live-wallpaper (1).mp4  ->  MP4/
2026-06-02 21:46:43,274 | INFO     |   Moved: hacked.png  ->  PNG/
2026-06-02 21:46:43,275 | INFO     |   Moved: Hysteria-Shaders-Universal-v1.1.0.zip  ->  ZIP/
2026-06-02 21:46:43,276 | INFO     |   Moved: Intrex_Final_Project_Report (1).pdf  ->  PDF/
2026-06-02 21:46:43,277 | INFO     |   Moved: Intrex_Final_Project_Report.pdf  ->  PDF/
2026-06-02 21:46:43,278 | INFO     |   Moved: kiro-ide-0.12.200-stable-win32-x64.exe  ->  EXE/
2026-06-02 21:46:43,280 | INFO     |   Moved: m.png  ->  PNG/
2026-06-02 21:46:43,281 | INFO     |   Moved: me.png  ->  PNG/
2026-06-02 21:46:43,282 | INFO     |   Moved: meow.png  ->  PNG/
2026-06-02 21:46:43,284 | INFO     |   Moved: meoww.png  ->  PNG/
2026-06-02 21:46:43,286 | INFO     |   Moved: Microsoft.Services.Store.winmd  ->  WINMD/
2026-06-02 21:46:43,287 | INFO     |   Moved: node-v24.16.0-x64.msi  ->  MSI/
2026-06-02 21:46:43,288 | INFO     |   Moved: Paayush Sharma  (1).pdf  ->  PDF/
2026-06-02 21:46:43,289 | INFO     |   Moved: Paayush Sharma .pdf  ->  PDF/
2026-06-02 21:46:43,291 | INFO     |   Moved: Paayush Sharma resume.docx  ->  DOCX/
2026-06-02 21:46:43,294 | INFO     |   Moved: Paayush_Sharma_WebDev_Intern_Resume.docx  ->  DOCX/
2026-06-02 21:46:43,296 | INFO     |   Moved: Passbook.pdf  ->  PDF/
2026-06-02 21:46:43,298 | INFO     |   Moved: PHANTOMWALL.pptx  ->  PPTX/
2026-06-02 21:46:43,299 | INFO     |   Moved: PhantomWall_Minimal.pptx  ->  PPTX/
2026-06-02 21:46:43,301 | INFO     |   Moved: PhantomWall_Premium.pptx  ->  PPTX/
2026-06-02 21:46:43,303 | INFO     |   Moved: PhishGaurd e.zip  ->  ZIP/
2026-06-02 21:46:43,305 | INFO     |   Moved: PhishGaurd-main (1).zip  ->  ZIP/
2026-06-02 21:46:43,307 | INFO     |   Moved: PhishGaurd-main (10).zip  ->  ZIP/
2026-06-02 21:46:43,310 | INFO     |   Moved: PhishGaurd-main (11).zip  ->  ZIP/
2026-06-02 21:46:43,311 | INFO     |   Moved: PhishGaurd-main (12).zip  ->  ZIP/
2026-06-02 21:46:43,313 | INFO     |   Moved: PhishGaurd-main (13).zip  ->  ZIP/
2026-06-02 21:46:43,316 | INFO     |   Moved: PhishGaurd-main (14).zip  ->  ZIP/
2026-06-02 21:46:43,318 | INFO     |   Moved: PhishGaurd-main (15).zip  ->  ZIP/
2026-06-02 21:46:43,320 | INFO     |   Moved: PhishGaurd-main (16).zip  ->  ZIP/
2026-06-02 21:46:43,322 | INFO     |   Moved: PhishGaurd-main (17).zip  ->  ZIP/
2026-06-02 21:46:43,324 | INFO     |   Moved: PhishGaurd-main (18).zip  ->  ZIP/
2026-06-02 21:46:43,326 | INFO     |   Moved: PhishGaurd-main (2).zip  ->  ZIP/
2026-06-02 21:46:43,327 | INFO     |   Moved: PhishGaurd-main (3).zip  ->  ZIP/
2026-06-02 21:46:43,330 | INFO     |   Moved: PhishGaurd-main (4).zip  ->  ZIP/
2026-06-02 21:46:43,332 | INFO     |   Moved: PhishGaurd-main (5).zip  ->  ZIP/
2026-06-02 21:46:43,334 | INFO     |   Moved: PhishGaurd-main (6).zip  ->  ZIP/
2026-06-02 21:46:43,337 | INFO     |   Moved: PhishGaurd-main (7).zip  ->  ZIP/
2026-06-02 21:46:43,339 | INFO     |   Moved: PhishGaurd-main (8).zip  ->  ZIP/
2026-06-02 21:46:43,340 | INFO     |   Moved: PhishGaurd-main (9).zip  ->  ZIP/
2026-06-02 21:46:43,344 | INFO     |   Moved: PhishGaurd-main f.zip  ->  ZIP/
2026-06-02 21:46:43,346 | INFO     |   Moved: PhishGaurd-main.zip  ->  ZIP/
2026-06-02 21:46:43,348 | INFO     |   Moved: PhishGaurd.zip  ->  ZIP/
2026-06-02 21:46:43,351 | INFO     |   Moved: PhishGuard (1).zip  ->  ZIP/
2026-06-02 21:46:43,353 | INFO     |   Moved: phishguard-central-hub-main.zip  ->  ZIP/
2026-06-02 21:46:43,354 | INFO     |   Moved: PhishGuard.zip  ->  ZIP/
2026-06-02 21:46:43,358 | INFO     |   Moved: professional_resume.txt  ->  TXT/
2026-06-02 21:46:43,360 | INFO     |   Moved: Profile.pdf  ->  PDF/
2026-06-02 21:46:43,363 | INFO     |   Moved: rcsetup154.exe  ->  EXE/
2026-06-02 21:46:43,365 | INFO     |   Moved: Report Format_UNIVERSITY POLYTECHNIC.docx  ->  DOCX/
2026-06-02 21:46:43,369 | INFO     |   Moved: Snipping Tool Installer.exe  ->  EXE/
2026-06-02 21:46:43,371 | INFO     |   Moved: tor-browser-windows-x86_64-portable-15.0.14.exe  ->  EXE/
2026-06-02 21:46:43,373 | INFO     |   Moved: TRAE_SOLO-Setup-x64.exe  ->  EXE/
2026-06-02 21:46:43,374 | INFO     |   Moved: VALORANT QA DEV JOINING Letter.pdf  ->  PDF/
2026-06-02 21:46:43,375 | INFO     |   Moved: Valorant Tracker - Installer.exe  ->  EXE/
2026-06-02 21:46:43,377 | INFO     |   Moved: VSCodeUserSetup-x64-1.121.0 (1).exe  ->  EXE/
2026-06-02 21:46:43,379 | INFO     |   Moved: VSCodeUserSetup-x64-1.121.0.exe  ->  EXE/
2026-06-02 21:46:43,381 | INFO     |   Moved: WhatsApp Image 2026-03-20 at 4.48.54 PM.jpeg  ->  JPEG/
2026-06-02 21:46:43,382 | INFO     |   Moved: WhatsApp Image 2026-05-19 at 10.19.55 PM.jpeg  ->  JPEG/
2026-06-02 21:46:43,384 | INFO     |   Moved: WhatsApp Image 2026-05-27 at 7.12.53 PM (1).jpeg  ->  JPEG/
2026-06-02 21:46:43,386 | INFO     |   Moved: WhatsApp Image 2026-05-27 at 7.12.53 PM.jpeg  ->  JPEG/
2026-06-02 21:46:43,391 | ERROR    | Permission denied during sort: [WinError 32] The process cannot access the file because it is being used by another process: 'C:\\Users\\Mepaayush\\Downloads\\~$PhantomWall_Premium (1).pptx'
2026-06-02 21:46:43,391 | INFO     | [SORT] Done - 77 file(s) sorted into 13 folder(s).
2026-06-02 21:49:44,078 | WARNING  | User interrupted input.
